CRITICAL - 2023-11-28 13:18:26 --> Call to undefined function meta_description()
in APPPATH\Views\master.php on line 7.
 1 SYSTEMPATH\View\View.php(228): include()
 2 SYSTEMPATH\View\View.php(231): CodeIgniter\View\View->CodeIgniter\View\{closure}()
 3 SYSTEMPATH\View\View.php(244): CodeIgniter\View\View->render('master', [], true)
 4 SYSTEMPATH\Common.php(1190): CodeIgniter\View\View->render('home', [], true)
 5 APPPATH\Controllers\Home.php(9): view('home')
 6 SYSTEMPATH\CodeIgniter.php(942): App\Controllers\Home->index()
 7 SYSTEMPATH\CodeIgniter.php(502): CodeIgniter\CodeIgniter->runController(Object(App\Controllers\Home))
 8 SYSTEMPATH\CodeIgniter.php(361): CodeIgniter\CodeIgniter->handleRequest(null, Object(Config\Cache), false)
 9 FCPATH\index.php(79): CodeIgniter\CodeIgniter->run()
CRITICAL - 2023-11-28 13:18:57 --> Call to undefined function meta_description()
in APPPATH\Views\master.php on line 7.
 1 SYSTEMPATH\View\View.php(228): include()
 2 SYSTEMPATH\View\View.php(231): CodeIgniter\View\View->CodeIgniter\View\{closure}()
 3 SYSTEMPATH\View\View.php(244): CodeIgniter\View\View->render('master', [], true)
 4 SYSTEMPATH\Common.php(1190): CodeIgniter\View\View->render('home', [], true)
 5 APPPATH\Controllers\Home.php(9): view('home')
 6 SYSTEMPATH\CodeIgniter.php(942): App\Controllers\Home->index()
 7 SYSTEMPATH\CodeIgniter.php(502): CodeIgniter\CodeIgniter->runController(Object(App\Controllers\Home))
 8 SYSTEMPATH\CodeIgniter.php(361): CodeIgniter\CodeIgniter->handleRequest(null, Object(Config\Cache), false)
 9 FCPATH\index.php(79): CodeIgniter\CodeIgniter->run()
CRITICAL - 2023-11-28 13:21:14 --> syntax error, unexpected token ";"
in APPPATH\Views\partials\header.php on line 29.
 1 SYSTEMPATH\View\View.php(231): CodeIgniter\View\View->CodeIgniter\View\{closure}()
 2 SYSTEMPATH\View\View.php(469): CodeIgniter\View\View->render('partials/header', null, true)
 3 APPPATH\Views\master.php(36): CodeIgniter\View\View->include('partials/header')
 4 SYSTEMPATH\View\View.php(228): include('C:\\xampp\\htdocs\\silveira_advogados\\app\\Views\\master.php')
 5 SYSTEMPATH\View\View.php(231): CodeIgniter\View\View->CodeIgniter\View\{closure}()
 6 SYSTEMPATH\View\View.php(244): CodeIgniter\View\View->render('master', [], true)
 7 SYSTEMPATH\Common.php(1190): CodeIgniter\View\View->render('home', [], true)
 8 APPPATH\Controllers\Home.php(9): view('home')
 9 SYSTEMPATH\CodeIgniter.php(942): App\Controllers\Home->index()
10 SYSTEMPATH\CodeIgniter.php(502): CodeIgniter\CodeIgniter->runController(Object(App\Controllers\Home))
11 SYSTEMPATH\CodeIgniter.php(361): CodeIgniter\CodeIgniter->handleRequest(null, Object(Config\Cache), false)
12 FCPATH\index.php(79): CodeIgniter\CodeIgniter->run()
CRITICAL - 2023-11-28 13:22:52 --> Call to undefined function site_u()
in APPPATH\Views\partials\header.php on line 40.
 1 SYSTEMPATH\View\View.php(228): include()
 2 SYSTEMPATH\View\View.php(231): CodeIgniter\View\View->CodeIgniter\View\{closure}()
 3 SYSTEMPATH\View\View.php(469): CodeIgniter\View\View->render('partials/header', null, true)
 4 APPPATH\Views\master.php(36): CodeIgniter\View\View->include('partials/header')
 5 SYSTEMPATH\View\View.php(228): include('C:\\xampp\\htdocs\\silveira_advogados\\app\\Views\\master.php')
 6 SYSTEMPATH\View\View.php(231): CodeIgniter\View\View->CodeIgniter\View\{closure}()
 7 SYSTEMPATH\View\View.php(244): CodeIgniter\View\View->render('master', [], true)
 8 SYSTEMPATH\Common.php(1190): CodeIgniter\View\View->render('home', [], true)
 9 APPPATH\Controllers\Home.php(9): view('home')
10 SYSTEMPATH\CodeIgniter.php(942): App\Controllers\Home->index()
11 SYSTEMPATH\CodeIgniter.php(502): CodeIgniter\CodeIgniter->runController(Object(App\Controllers\Home))
12 SYSTEMPATH\CodeIgniter.php(361): CodeIgniter\CodeIgniter->handleRequest(null, Object(Config\Cache), false)
13 FCPATH\index.php(79): CodeIgniter\CodeIgniter->run()
CRITICAL - 2023-11-28 13:37:16 --> Invalid file: "sidebar.php"
in SYSTEMPATH\Exceptions\FrameworkException.php on line 39.
 1 SYSTEMPATH\View\View.php(216): CodeIgniter\Exceptions\FrameworkException::forInvalidFile('sidebar.php')
 2 SYSTEMPATH\View\View.php(469): CodeIgniter\View\View->render('sidebar', null, true)
 3 APPPATH\Views\institucional.php(6): CodeIgniter\View\View->include('sidebar')
 4 SYSTEMPATH\View\View.php(228): include('C:\\xampp\\htdocs\\silveira_advogados\\app\\Views\\institucional.php')
 5 SYSTEMPATH\View\View.php(231): CodeIgniter\View\View->CodeIgniter\View\{closure}()
 6 SYSTEMPATH\Common.php(1190): CodeIgniter\View\View->render('institucional', [], true)
 7 APPPATH\Controllers\Institucional.php(11): view('institucional')
 8 SYSTEMPATH\CodeIgniter.php(942): App\Controllers\Institucional->index()
 9 SYSTEMPATH\CodeIgniter.php(502): CodeIgniter\CodeIgniter->runController(Object(App\Controllers\Institucional))
10 SYSTEMPATH\CodeIgniter.php(361): CodeIgniter\CodeIgniter->handleRequest(null, Object(Config\Cache), false)
11 FCPATH\index.php(79): CodeIgniter\CodeIgniter->run()
CRITICAL - 2023-11-28 13:38:13 --> Invalid file: "sidebar.php"
in SYSTEMPATH\Exceptions\FrameworkException.php on line 39.
 1 SYSTEMPATH\View\View.php(216): CodeIgniter\Exceptions\FrameworkException::forInvalidFile('sidebar.php')
 2 SYSTEMPATH\View\View.php(469): CodeIgniter\View\View->render('sidebar', null, true)
 3 APPPATH\Views\institucional.php(6): CodeIgniter\View\View->include('sidebar')
 4 SYSTEMPATH\View\View.php(228): include('C:\\xampp\\htdocs\\silveira_advogados\\app\\Views\\institucional.php')
 5 SYSTEMPATH\View\View.php(231): CodeIgniter\View\View->CodeIgniter\View\{closure}()
 6 SYSTEMPATH\Common.php(1190): CodeIgniter\View\View->render('institucional', [], true)
 7 APPPATH\Controllers\Institucional.php(11): view('institucional')
 8 SYSTEMPATH\CodeIgniter.php(942): App\Controllers\Institucional->index()
 9 SYSTEMPATH\CodeIgniter.php(502): CodeIgniter\CodeIgniter->runController(Object(App\Controllers\Institucional))
10 SYSTEMPATH\CodeIgniter.php(361): CodeIgniter\CodeIgniter->handleRequest(null, Object(Config\Cache), false)
11 FCPATH\index.php(79): CodeIgniter\CodeIgniter->run()
CRITICAL - 2023-11-28 13:39:58 --> Invalid file: "sidebar.php"
in SYSTEMPATH\Exceptions\FrameworkException.php on line 39.
 1 SYSTEMPATH\View\View.php(216): CodeIgniter\Exceptions\FrameworkException::forInvalidFile('sidebar.php')
 2 SYSTEMPATH\View\View.php(469): CodeIgniter\View\View->render('sidebar', null, true)
 3 APPPATH\Views\institucional.php(6): CodeIgniter\View\View->include('sidebar')
 4 SYSTEMPATH\View\View.php(228): include('C:\\xampp\\htdocs\\silveira_advogados\\app\\Views\\institucional.php')
 5 SYSTEMPATH\View\View.php(231): CodeIgniter\View\View->CodeIgniter\View\{closure}()
 6 SYSTEMPATH\Common.php(1190): CodeIgniter\View\View->render('institucional', [], true)
 7 APPPATH\Controllers\Institucional.php(11): view('institucional')
 8 SYSTEMPATH\CodeIgniter.php(942): App\Controllers\Institucional->index()
 9 SYSTEMPATH\CodeIgniter.php(502): CodeIgniter\CodeIgniter->runController(Object(App\Controllers\Institucional))
10 SYSTEMPATH\CodeIgniter.php(361): CodeIgniter\CodeIgniter->handleRequest(null, Object(Config\Cache), false)
11 FCPATH\index.php(79): CodeIgniter\CodeIgniter->run()
CRITICAL - 2023-11-28 13:45:36 --> require_once(header.php): Failed to open stream: No such file or directory
in APPPATH\Views\areas-de-atuacao.php on line 6.
 1 APPPATH\Views\areas-de-atuacao.php(6): CodeIgniter\Debug\Exceptions->errorHandler(2, 'require_once(header.php): Failed to open stream: No such file or directory', 'C:\\xampp\\htdocs\\silveira_advogados\\app\\Views\\areas-de-atuacao.php', 6)
 2 APPPATH\Views\areas-de-atuacao.php(6): require_once()
 3 SYSTEMPATH\View\View.php(228): include('C:\\xampp\\htdocs\\silveira_advogados\\app\\Views\\areas-de-atuacao.php')
 4 SYSTEMPATH\View\View.php(231): CodeIgniter\View\View->CodeIgniter\View\{closure}()
 5 SYSTEMPATH\Common.php(1190): CodeIgniter\View\View->render('areas-de-atuacao', [], true)
 6 APPPATH\Controllers\Categorias.php(11): view('areas-de-atuacao')
 7 SYSTEMPATH\CodeIgniter.php(942): App\Controllers\Categorias->index()
 8 SYSTEMPATH\CodeIgniter.php(502): CodeIgniter\CodeIgniter->runController(Object(App\Controllers\Categorias))
 9 SYSTEMPATH\CodeIgniter.php(361): CodeIgniter\CodeIgniter->handleRequest(null, Object(Config\Cache), false)
10 FCPATH\index.php(79): CodeIgniter\CodeIgniter->run()
