CRITICAL - 2024-04-29 18:50:05 --> CodeIgniter\View\Exceptions\ViewException: Invalid file: "layout/painel.php"
[Method: GET, Route: admin/painel]
in SYSTEMPATH\Exceptions\FrameworkException.php on line 41.
 1 SYSTEMPATH\View\View.php(222): CodeIgniter\Exceptions\FrameworkException::forInvalidFile('layout/painel.php')
 2 SYSTEMPATH\Common.php(1171): CodeIgniter\View\View->render('layout/painel', [], true)
 3 APPPATH\Controllers\admin\Painel.php(12): view('layout/painel')
 4 SYSTEMPATH\CodeIgniter.php(933): App\Controllers\Admin\Painel->index()
 5 SYSTEMPATH\CodeIgniter.php(509): CodeIgniter\CodeIgniter->runController(Object(App\Controllers\Admin\Painel))
 6 SYSTEMPATH\CodeIgniter.php(355): CodeIgniter\CodeIgniter->handleRequest(null, Object(Config\Cache), false)
 7 SYSTEMPATH\Boot.php(312): CodeIgniter\CodeIgniter->run()
 8 SYSTEMPATH\Boot.php(67): CodeIgniter\Boot::runCodeIgniter(Object(CodeIgniter\CodeIgniter))
 9 FCPATH\index.php(56): CodeIgniter\Boot::bootWeb(Object(Config\Paths))
CRITICAL - 2024-04-29 18:50:39 --> ErrorException: preg_match(): Compilation failed: unknown property after \P or \p at offset 16
[Method: GET, Route: admin/painel]
in SYSTEMPATH\Router\Router.php on line 431.
 1 [internal function]: CodeIgniter\Debug\Exceptions->errorHandler(2, 'preg_match(): Compilation failed: unknown property after \\P or \\p at offset 16', 'C:\\xampp\\htdocs\\sottam\\system\\Router\\Router.php', 431)
 2 SYSTEMPATH\Router\Router.php(431): preg_match('#^admin/layout\\painel$#u', 'admin/painel', [])
 3 SYSTEMPATH\Router\Router.php(209): CodeIgniter\Router\Router->checkRoutes('admin/painel')
 4 SYSTEMPATH\CodeIgniter.php(834): CodeIgniter\Router\Router->handle('admin/painel')
 5 SYSTEMPATH\CodeIgniter.php(457): CodeIgniter\CodeIgniter->tryToRouteIt(Object(CodeIgniter\Router\RouteCollection))
 6 SYSTEMPATH\CodeIgniter.php(355): CodeIgniter\CodeIgniter->handleRequest(null, Object(Config\Cache), false)
 7 SYSTEMPATH\Boot.php(312): CodeIgniter\CodeIgniter->run()
 8 SYSTEMPATH\Boot.php(67): CodeIgniter\Boot::runCodeIgniter(Object(CodeIgniter\CodeIgniter))
 9 FCPATH\index.php(56): CodeIgniter\Boot::bootWeb(Object(Config\Paths))
CRITICAL - 2024-04-29 18:51:23 --> CodeIgniter\View\Exceptions\ViewException: Invalid file: "layout/painel.php"
[Method: GET, Route: admin/painel]
in SYSTEMPATH\Exceptions\FrameworkException.php on line 41.
 1 SYSTEMPATH\View\View.php(222): CodeIgniter\Exceptions\FrameworkException::forInvalidFile('layout/painel.php')
 2 SYSTEMPATH\Common.php(1171): CodeIgniter\View\View->render('layout/painel', [], true)
 3 APPPATH\Controllers\admin\Painel.php(12): view('layout/painel')
 4 SYSTEMPATH\CodeIgniter.php(933): App\Controllers\Admin\Painel->index()
 5 SYSTEMPATH\CodeIgniter.php(509): CodeIgniter\CodeIgniter->runController(Object(App\Controllers\Admin\Painel))
 6 SYSTEMPATH\CodeIgniter.php(355): CodeIgniter\CodeIgniter->handleRequest(null, Object(Config\Cache), false)
 7 SYSTEMPATH\Boot.php(312): CodeIgniter\CodeIgniter->run()
 8 SYSTEMPATH\Boot.php(67): CodeIgniter\Boot::runCodeIgniter(Object(CodeIgniter\CodeIgniter))
 9 FCPATH\index.php(56): CodeIgniter\Boot::bootWeb(Object(Config\Paths))
CRITICAL - 2024-04-29 18:52:01 --> CodeIgniter\View\Exceptions\ViewException: Invalid file: "painel.php"
[Method: GET, Route: admin/painel]
in SYSTEMPATH\Exceptions\FrameworkException.php on line 41.
 1 SYSTEMPATH\View\View.php(222): CodeIgniter\Exceptions\FrameworkException::forInvalidFile('painel.php')
 2 SYSTEMPATH\Common.php(1171): CodeIgniter\View\View->render('painel', [], true)
 3 APPPATH\Controllers\admin\Painel.php(12): view('painel')
 4 SYSTEMPATH\CodeIgniter.php(933): App\Controllers\Admin\Painel->index()
 5 SYSTEMPATH\CodeIgniter.php(509): CodeIgniter\CodeIgniter->runController(Object(App\Controllers\Admin\Painel))
 6 SYSTEMPATH\CodeIgniter.php(355): CodeIgniter\CodeIgniter->handleRequest(null, Object(Config\Cache), false)
 7 SYSTEMPATH\Boot.php(312): CodeIgniter\CodeIgniter->run()
 8 SYSTEMPATH\Boot.php(67): CodeIgniter\Boot::runCodeIgniter(Object(CodeIgniter\CodeIgniter))
 9 FCPATH\index.php(56): CodeIgniter\Boot::bootWeb(Object(Config\Paths))
CRITICAL - 2024-04-29 18:52:02 --> CodeIgniter\View\Exceptions\ViewException: Invalid file: "painel.php"
[Method: GET, Route: admin/painel]
in SYSTEMPATH\Exceptions\FrameworkException.php on line 41.
 1 SYSTEMPATH\View\View.php(222): CodeIgniter\Exceptions\FrameworkException::forInvalidFile('painel.php')
 2 SYSTEMPATH\Common.php(1171): CodeIgniter\View\View->render('painel', [], true)
 3 APPPATH\Controllers\admin\Painel.php(12): view('painel')
 4 SYSTEMPATH\CodeIgniter.php(933): App\Controllers\Admin\Painel->index()
 5 SYSTEMPATH\CodeIgniter.php(509): CodeIgniter\CodeIgniter->runController(Object(App\Controllers\Admin\Painel))
 6 SYSTEMPATH\CodeIgniter.php(355): CodeIgniter\CodeIgniter->handleRequest(null, Object(Config\Cache), false)
 7 SYSTEMPATH\Boot.php(312): CodeIgniter\CodeIgniter->run()
 8 SYSTEMPATH\Boot.php(67): CodeIgniter\Boot::runCodeIgniter(Object(CodeIgniter\CodeIgniter))
 9 FCPATH\index.php(56): CodeIgniter\Boot::bootWeb(Object(Config\Paths))
CRITICAL - 2024-04-29 18:52:31 --> CodeIgniter\View\Exceptions\ViewException: Invalid file: "painel.php"
[Method: GET, Route: admin/painel]
in SYSTEMPATH\Exceptions\FrameworkException.php on line 41.
 1 SYSTEMPATH\View\View.php(222): CodeIgniter\Exceptions\FrameworkException::forInvalidFile('painel.php')
 2 SYSTEMPATH\Common.php(1171): CodeIgniter\View\View->render('painel', [], true)
 3 APPPATH\Controllers\admin\Painel.php(12): view('painel')
 4 SYSTEMPATH\CodeIgniter.php(933): App\Controllers\Admin\Painel->index()
 5 SYSTEMPATH\CodeIgniter.php(509): CodeIgniter\CodeIgniter->runController(Object(App\Controllers\Admin\Painel))
 6 SYSTEMPATH\CodeIgniter.php(355): CodeIgniter\CodeIgniter->handleRequest(null, Object(Config\Cache), false)
 7 SYSTEMPATH\Boot.php(312): CodeIgniter\CodeIgniter->run()
 8 SYSTEMPATH\Boot.php(67): CodeIgniter\Boot::runCodeIgniter(Object(CodeIgniter\CodeIgniter))
 9 FCPATH\index.php(56): CodeIgniter\Boot::bootWeb(Object(Config\Paths))
CRITICAL - 2024-04-29 18:54:23 --> CodeIgniter\View\Exceptions\ViewException: Invalid file: "home.php"
[Method: GET, Route: /]
in SYSTEMPATH\Exceptions\FrameworkException.php on line 41.
 1 SYSTEMPATH\View\View.php(222): CodeIgniter\Exceptions\FrameworkException::forInvalidFile('home.php')
 2 SYSTEMPATH\Common.php(1171): CodeIgniter\View\View->render('home', [], true)
 3 APPPATH\Controllers\Home.php(9): view('home')
 4 SYSTEMPATH\CodeIgniter.php(933): App\Controllers\Home->index()
 5 SYSTEMPATH\CodeIgniter.php(509): CodeIgniter\CodeIgniter->runController(Object(App\Controllers\Home))
 6 SYSTEMPATH\CodeIgniter.php(355): CodeIgniter\CodeIgniter->handleRequest(null, Object(Config\Cache), false)
 7 SYSTEMPATH\Boot.php(312): CodeIgniter\CodeIgniter->run()
 8 SYSTEMPATH\Boot.php(67): CodeIgniter\Boot::runCodeIgniter(Object(CodeIgniter\CodeIgniter))
 9 FCPATH\index.php(56): CodeIgniter\Boot::bootWeb(Object(Config\Paths))
CRITICAL - 2024-04-29 18:54:51 --> CodeIgniter\View\Exceptions\ViewException: Invalid file: "welcome_message.php"
[Method: GET, Route: /]
in SYSTEMPATH\Exceptions\FrameworkException.php on line 41.
 1 SYSTEMPATH\View\View.php(222): CodeIgniter\Exceptions\FrameworkException::forInvalidFile('welcome_message.php')
 2 SYSTEMPATH\Common.php(1171): CodeIgniter\View\View->render('welcome_message', [], true)
 3 APPPATH\Controllers\Home.php(9): view('welcome_message')
 4 SYSTEMPATH\CodeIgniter.php(933): App\Controllers\Home->index()
 5 SYSTEMPATH\CodeIgniter.php(509): CodeIgniter\CodeIgniter->runController(Object(App\Controllers\Home))
 6 SYSTEMPATH\CodeIgniter.php(355): CodeIgniter\CodeIgniter->handleRequest(null, Object(Config\Cache), false)
 7 SYSTEMPATH\Boot.php(312): CodeIgniter\CodeIgniter->run()
 8 SYSTEMPATH\Boot.php(67): CodeIgniter\Boot::runCodeIgniter(Object(CodeIgniter\CodeIgniter))
 9 FCPATH\index.php(56): CodeIgniter\Boot::bootWeb(Object(Config\Paths))
CRITICAL - 2024-04-29 19:09:27 --> CodeIgniter\View\Exceptions\ViewException: Invalid file: "master.php"
[Method: GET, Route: admin]
in SYSTEMPATH\Exceptions\FrameworkException.php on line 41.
 1 SYSTEMPATH\View\View.php(222): CodeIgniter\Exceptions\FrameworkException::forInvalidFile('master.php')
 2 SYSTEMPATH\View\View.php(250): CodeIgniter\View\View->render('master', [], true)
 3 SYSTEMPATH\Common.php(1171): CodeIgniter\View\View->render('admin/layout/painel', [], true)
 4 APPPATH\Controllers\Admin\Painel.php(12): view('admin/layout/painel')
 5 SYSTEMPATH\CodeIgniter.php(933): App\Controllers\Admin\Painel->index()
 6 SYSTEMPATH\CodeIgniter.php(509): CodeIgniter\CodeIgniter->runController(Object(App\Controllers\Admin\Painel))
 7 SYSTEMPATH\CodeIgniter.php(355): CodeIgniter\CodeIgniter->handleRequest(null, Object(Config\Cache), false)
 8 SYSTEMPATH\Boot.php(312): CodeIgniter\CodeIgniter->run()
 9 SYSTEMPATH\Boot.php(67): CodeIgniter\Boot::runCodeIgniter(Object(CodeIgniter\CodeIgniter))
10 FCPATH\index.php(56): CodeIgniter\Boot::bootWeb(Object(Config\Paths))
CRITICAL - 2024-04-29 19:09:46 --> CodeIgniter\View\Exceptions\ViewException: Invalid file: "././master.php"
[Method: GET, Route: admin]
in SYSTEMPATH\Exceptions\FrameworkException.php on line 41.
 1 SYSTEMPATH\View\View.php(222): CodeIgniter\Exceptions\FrameworkException::forInvalidFile('././master.php')
 2 SYSTEMPATH\View\View.php(250): CodeIgniter\View\View->render('././master', [], true)
 3 SYSTEMPATH\Common.php(1171): CodeIgniter\View\View->render('admin/layout/painel', [], true)
 4 APPPATH\Controllers\Admin\Painel.php(12): view('admin/layout/painel')
 5 SYSTEMPATH\CodeIgniter.php(933): App\Controllers\Admin\Painel->index()
 6 SYSTEMPATH\CodeIgniter.php(509): CodeIgniter\CodeIgniter->runController(Object(App\Controllers\Admin\Painel))
 7 SYSTEMPATH\CodeIgniter.php(355): CodeIgniter\CodeIgniter->handleRequest(null, Object(Config\Cache), false)
 8 SYSTEMPATH\Boot.php(312): CodeIgniter\CodeIgniter->run()
 9 SYSTEMPATH\Boot.php(67): CodeIgniter\Boot::runCodeIgniter(Object(CodeIgniter\CodeIgniter))
10 FCPATH\index.php(56): CodeIgniter\Boot::bootWeb(Object(Config\Paths))
CRITICAL - 2024-04-29 19:09:47 --> CodeIgniter\View\Exceptions\ViewException: Invalid file: "././master.php"
[Method: GET, Route: admin]
in SYSTEMPATH\Exceptions\FrameworkException.php on line 41.
 1 SYSTEMPATH\View\View.php(222): CodeIgniter\Exceptions\FrameworkException::forInvalidFile('././master.php')
 2 SYSTEMPATH\View\View.php(250): CodeIgniter\View\View->render('././master', [], true)
 3 SYSTEMPATH\Common.php(1171): CodeIgniter\View\View->render('admin/layout/painel', [], true)
 4 APPPATH\Controllers\Admin\Painel.php(12): view('admin/layout/painel')
 5 SYSTEMPATH\CodeIgniter.php(933): App\Controllers\Admin\Painel->index()
 6 SYSTEMPATH\CodeIgniter.php(509): CodeIgniter\CodeIgniter->runController(Object(App\Controllers\Admin\Painel))
 7 SYSTEMPATH\CodeIgniter.php(355): CodeIgniter\CodeIgniter->handleRequest(null, Object(Config\Cache), false)
 8 SYSTEMPATH\Boot.php(312): CodeIgniter\CodeIgniter->run()
 9 SYSTEMPATH\Boot.php(67): CodeIgniter\Boot::runCodeIgniter(Object(CodeIgniter\CodeIgniter))
10 FCPATH\index.php(56): CodeIgniter\Boot::bootWeb(Object(Config\Paths))
CRITICAL - 2024-04-29 19:09:48 --> CodeIgniter\View\Exceptions\ViewException: Invalid file: "././master.php"
[Method: GET, Route: admin]
in SYSTEMPATH\Exceptions\FrameworkException.php on line 41.
 1 SYSTEMPATH\View\View.php(222): CodeIgniter\Exceptions\FrameworkException::forInvalidFile('././master.php')
 2 SYSTEMPATH\View\View.php(250): CodeIgniter\View\View->render('././master', [], true)
 3 SYSTEMPATH\Common.php(1171): CodeIgniter\View\View->render('admin/layout/painel', [], true)
 4 APPPATH\Controllers\Admin\Painel.php(12): view('admin/layout/painel')
 5 SYSTEMPATH\CodeIgniter.php(933): App\Controllers\Admin\Painel->index()
 6 SYSTEMPATH\CodeIgniter.php(509): CodeIgniter\CodeIgniter->runController(Object(App\Controllers\Admin\Painel))
 7 SYSTEMPATH\CodeIgniter.php(355): CodeIgniter\CodeIgniter->handleRequest(null, Object(Config\Cache), false)
 8 SYSTEMPATH\Boot.php(312): CodeIgniter\CodeIgniter->run()
 9 SYSTEMPATH\Boot.php(67): CodeIgniter\Boot::runCodeIgniter(Object(CodeIgniter\CodeIgniter))
10 FCPATH\index.php(56): CodeIgniter\Boot::bootWeb(Object(Config\Paths))
CRITICAL - 2024-04-29 19:10:04 --> CodeIgniter\View\Exceptions\ViewException: Invalid file: "./master.php"
[Method: GET, Route: admin]
in SYSTEMPATH\Exceptions\FrameworkException.php on line 41.
 1 SYSTEMPATH\View\View.php(222): CodeIgniter\Exceptions\FrameworkException::forInvalidFile('./master.php')
 2 SYSTEMPATH\View\View.php(250): CodeIgniter\View\View->render('./master', [], true)
 3 SYSTEMPATH\Common.php(1171): CodeIgniter\View\View->render('admin/layout/painel', [], true)
 4 APPPATH\Controllers\Admin\Painel.php(12): view('admin/layout/painel')
 5 SYSTEMPATH\CodeIgniter.php(933): App\Controllers\Admin\Painel->index()
 6 SYSTEMPATH\CodeIgniter.php(509): CodeIgniter\CodeIgniter->runController(Object(App\Controllers\Admin\Painel))
 7 SYSTEMPATH\CodeIgniter.php(355): CodeIgniter\CodeIgniter->handleRequest(null, Object(Config\Cache), false)
 8 SYSTEMPATH\Boot.php(312): CodeIgniter\CodeIgniter->run()
 9 SYSTEMPATH\Boot.php(67): CodeIgniter\Boot::runCodeIgniter(Object(CodeIgniter\CodeIgniter))
10 FCPATH\index.php(56): CodeIgniter\Boot::bootWeb(Object(Config\Paths))
CRITICAL - 2024-04-29 19:10:09 --> CodeIgniter\View\Exceptions\ViewException: Invalid file: "/master.php"
[Method: GET, Route: admin]
in SYSTEMPATH\Exceptions\FrameworkException.php on line 41.
 1 SYSTEMPATH\View\View.php(222): CodeIgniter\Exceptions\FrameworkException::forInvalidFile('/master.php')
 2 SYSTEMPATH\View\View.php(250): CodeIgniter\View\View->render('/master', [], true)
 3 SYSTEMPATH\Common.php(1171): CodeIgniter\View\View->render('admin/layout/painel', [], true)
 4 APPPATH\Controllers\Admin\Painel.php(12): view('admin/layout/painel')
 5 SYSTEMPATH\CodeIgniter.php(933): App\Controllers\Admin\Painel->index()
 6 SYSTEMPATH\CodeIgniter.php(509): CodeIgniter\CodeIgniter->runController(Object(App\Controllers\Admin\Painel))
 7 SYSTEMPATH\CodeIgniter.php(355): CodeIgniter\CodeIgniter->handleRequest(null, Object(Config\Cache), false)
 8 SYSTEMPATH\Boot.php(312): CodeIgniter\CodeIgniter->run()
 9 SYSTEMPATH\Boot.php(67): CodeIgniter\Boot::runCodeIgniter(Object(CodeIgniter\CodeIgniter))
10 FCPATH\index.php(56): CodeIgniter\Boot::bootWeb(Object(Config\Paths))
CRITICAL - 2024-04-29 19:10:36 --> CodeIgniter\View\Exceptions\ViewException: Invalid file: "master.php"
[Method: GET, Route: admin]
in SYSTEMPATH\Exceptions\FrameworkException.php on line 41.
 1 SYSTEMPATH\View\View.php(222): CodeIgniter\Exceptions\FrameworkException::forInvalidFile('master.php')
 2 SYSTEMPATH\View\View.php(250): CodeIgniter\View\View->render('master', [], true)
 3 SYSTEMPATH\Common.php(1171): CodeIgniter\View\View->render('admin/layout/painel', [], true)
 4 APPPATH\Controllers\Admin\Painel.php(12): view('admin/layout/painel')
 5 SYSTEMPATH\CodeIgniter.php(933): App\Controllers\Admin\Painel->index()
 6 SYSTEMPATH\CodeIgniter.php(509): CodeIgniter\CodeIgniter->runController(Object(App\Controllers\Admin\Painel))
 7 SYSTEMPATH\CodeIgniter.php(355): CodeIgniter\CodeIgniter->handleRequest(null, Object(Config\Cache), false)
 8 SYSTEMPATH\Boot.php(312): CodeIgniter\CodeIgniter->run()
 9 SYSTEMPATH\Boot.php(67): CodeIgniter\Boot::runCodeIgniter(Object(CodeIgniter\CodeIgniter))
10 FCPATH\index.php(56): CodeIgniter\Boot::bootWeb(Object(Config\Paths))
CRITICAL - 2024-04-29 19:10:59 --> CodeIgniter\View\Exceptions\ViewException: Invalid file: "default.php"
[Method: GET, Route: admin]
in SYSTEMPATH\Exceptions\FrameworkException.php on line 41.
 1 SYSTEMPATH\View\View.php(222): CodeIgniter\Exceptions\FrameworkException::forInvalidFile('default.php')
 2 SYSTEMPATH\View\View.php(250): CodeIgniter\View\View->render('default', [], true)
 3 SYSTEMPATH\Common.php(1171): CodeIgniter\View\View->render('admin/layout/painel', [], true)
 4 APPPATH\Controllers\Admin\Painel.php(12): view('admin/layout/painel')
 5 SYSTEMPATH\CodeIgniter.php(933): App\Controllers\Admin\Painel->index()
 6 SYSTEMPATH\CodeIgniter.php(509): CodeIgniter\CodeIgniter->runController(Object(App\Controllers\Admin\Painel))
 7 SYSTEMPATH\CodeIgniter.php(355): CodeIgniter\CodeIgniter->handleRequest(null, Object(Config\Cache), false)
 8 SYSTEMPATH\Boot.php(312): CodeIgniter\CodeIgniter->run()
 9 SYSTEMPATH\Boot.php(67): CodeIgniter\Boot::runCodeIgniter(Object(CodeIgniter\CodeIgniter))
10 FCPATH\index.php(56): CodeIgniter\Boot::bootWeb(Object(Config\Paths))
CRITICAL - 2024-04-29 19:11:13 --> CodeIgniter\View\Exceptions\ViewException: Invalid file: "master.php"
[Method: GET, Route: admin]
in SYSTEMPATH\Exceptions\FrameworkException.php on line 41.
 1 SYSTEMPATH\View\View.php(222): CodeIgniter\Exceptions\FrameworkException::forInvalidFile('master.php')
 2 SYSTEMPATH\View\View.php(250): CodeIgniter\View\View->render('master', [], true)
 3 SYSTEMPATH\Common.php(1171): CodeIgniter\View\View->render('admin/layout/painel', [], true)
 4 APPPATH\Controllers\Admin\Painel.php(12): view('admin/layout/painel')
 5 SYSTEMPATH\CodeIgniter.php(933): App\Controllers\Admin\Painel->index()
 6 SYSTEMPATH\CodeIgniter.php(509): CodeIgniter\CodeIgniter->runController(Object(App\Controllers\Admin\Painel))
 7 SYSTEMPATH\CodeIgniter.php(355): CodeIgniter\CodeIgniter->handleRequest(null, Object(Config\Cache), false)
 8 SYSTEMPATH\Boot.php(312): CodeIgniter\CodeIgniter->run()
 9 SYSTEMPATH\Boot.php(67): CodeIgniter\Boot::runCodeIgniter(Object(CodeIgniter\CodeIgniter))
10 FCPATH\index.php(56): CodeIgniter\Boot::bootWeb(Object(Config\Paths))
CRITICAL - 2024-04-29 19:14:00 --> CodeIgniter\View\Exceptions\ViewException: Invalid file: "master.php"
[Method: GET, Route: admin]
in SYSTEMPATH\Exceptions\FrameworkException.php on line 41.
 1 SYSTEMPATH\View\View.php(222): CodeIgniter\Exceptions\FrameworkException::forInvalidFile('master.php')
 2 SYSTEMPATH\View\View.php(250): CodeIgniter\View\View->render('master', [], true)
 3 SYSTEMPATH\Common.php(1171): CodeIgniter\View\View->render('admin/layout/painel', [], true)
 4 APPPATH\Controllers\Admin\Painel.php(12): view('admin/layout/painel')
 5 SYSTEMPATH\CodeIgniter.php(933): App\Controllers\Admin\Painel->index()
 6 SYSTEMPATH\CodeIgniter.php(509): CodeIgniter\CodeIgniter->runController(Object(App\Controllers\Admin\Painel))
 7 SYSTEMPATH\CodeIgniter.php(355): CodeIgniter\CodeIgniter->handleRequest(null, Object(Config\Cache), false)
 8 SYSTEMPATH\Boot.php(312): CodeIgniter\CodeIgniter->run()
 9 SYSTEMPATH\Boot.php(67): CodeIgniter\Boot::runCodeIgniter(Object(CodeIgniter\CodeIgniter))
10 FCPATH\index.php(56): CodeIgniter\Boot::bootWeb(Object(Config\Paths))
CRITICAL - 2024-04-29 19:14:01 --> CodeIgniter\View\Exceptions\ViewException: Invalid file: "master.php"
[Method: GET, Route: admin]
in SYSTEMPATH\Exceptions\FrameworkException.php on line 41.
 1 SYSTEMPATH\View\View.php(222): CodeIgniter\Exceptions\FrameworkException::forInvalidFile('master.php')
 2 SYSTEMPATH\View\View.php(250): CodeIgniter\View\View->render('master', [], true)
 3 SYSTEMPATH\Common.php(1171): CodeIgniter\View\View->render('admin/layout/painel', [], true)
 4 APPPATH\Controllers\Admin\Painel.php(12): view('admin/layout/painel')
 5 SYSTEMPATH\CodeIgniter.php(933): App\Controllers\Admin\Painel->index()
 6 SYSTEMPATH\CodeIgniter.php(509): CodeIgniter\CodeIgniter->runController(Object(App\Controllers\Admin\Painel))
 7 SYSTEMPATH\CodeIgniter.php(355): CodeIgniter\CodeIgniter->handleRequest(null, Object(Config\Cache), false)
 8 SYSTEMPATH\Boot.php(312): CodeIgniter\CodeIgniter->run()
 9 SYSTEMPATH\Boot.php(67): CodeIgniter\Boot::runCodeIgniter(Object(CodeIgniter\CodeIgniter))
10 FCPATH\index.php(56): CodeIgniter\Boot::bootWeb(Object(Config\Paths))
CRITICAL - 2024-04-29 19:14:14 --> CodeIgniter\View\Exceptions\ViewException: Invalid file: "master.php"
[Method: GET, Route: admin]
in SYSTEMPATH\Exceptions\FrameworkException.php on line 41.
 1 SYSTEMPATH\View\View.php(222): CodeIgniter\Exceptions\FrameworkException::forInvalidFile('master.php')
 2 SYSTEMPATH\View\View.php(250): CodeIgniter\View\View->render('master', [], true)
 3 SYSTEMPATH\Common.php(1171): CodeIgniter\View\View->render('admin/layout/painel', [], true)
 4 APPPATH\Controllers\Admin\Painel.php(12): view('admin/layout/painel')
 5 SYSTEMPATH\CodeIgniter.php(933): App\Controllers\Admin\Painel->index()
 6 SYSTEMPATH\CodeIgniter.php(509): CodeIgniter\CodeIgniter->runController(Object(App\Controllers\Admin\Painel))
 7 SYSTEMPATH\CodeIgniter.php(355): CodeIgniter\CodeIgniter->handleRequest(null, Object(Config\Cache), false)
 8 SYSTEMPATH\Boot.php(312): CodeIgniter\CodeIgniter->run()
 9 SYSTEMPATH\Boot.php(67): CodeIgniter\Boot::runCodeIgniter(Object(CodeIgniter\CodeIgniter))
10 FCPATH\index.php(56): CodeIgniter\Boot::bootWeb(Object(Config\Paths))
CRITICAL - 2024-04-29 19:15:13 --> CodeIgniter\View\Exceptions\ViewException: Invalid file: "master.php"
[Method: GET, Route: admin]
in SYSTEMPATH\Exceptions\FrameworkException.php on line 41.
 1 SYSTEMPATH\View\View.php(222): CodeIgniter\Exceptions\FrameworkException::forInvalidFile('master.php')
 2 SYSTEMPATH\View\View.php(250): CodeIgniter\View\View->render('master', [], true)
 3 SYSTEMPATH\Common.php(1171): CodeIgniter\View\View->render('admin/layout/painel', [], true)
 4 APPPATH\Controllers\Admin\Painel.php(12): view('admin/layout/painel')
 5 SYSTEMPATH\CodeIgniter.php(933): App\Controllers\Admin\Painel->index()
 6 SYSTEMPATH\CodeIgniter.php(509): CodeIgniter\CodeIgniter->runController(Object(App\Controllers\Admin\Painel))
 7 SYSTEMPATH\CodeIgniter.php(355): CodeIgniter\CodeIgniter->handleRequest(null, Object(Config\Cache), false)
 8 SYSTEMPATH\Boot.php(312): CodeIgniter\CodeIgniter->run()
 9 SYSTEMPATH\Boot.php(67): CodeIgniter\Boot::runCodeIgniter(Object(CodeIgniter\CodeIgniter))
10 FCPATH\index.php(56): CodeIgniter\Boot::bootWeb(Object(Config\Paths))
CRITICAL - 2024-04-29 19:16:09 --> CodeIgniter\View\Exceptions\ViewException: Invalid file: "master.php"
[Method: GET, Route: admin]
in SYSTEMPATH\Exceptions\FrameworkException.php on line 41.
 1 SYSTEMPATH\View\View.php(222): CodeIgniter\Exceptions\FrameworkException::forInvalidFile('master.php')
 2 SYSTEMPATH\View\View.php(250): CodeIgniter\View\View->render('master', [], true)
 3 SYSTEMPATH\Common.php(1171): CodeIgniter\View\View->render('admin/layout/painel', [], true)
 4 APPPATH\Controllers\Admin\Painel.php(12): view('admin/layout/painel')
 5 SYSTEMPATH\CodeIgniter.php(933): App\Controllers\Admin\Painel->index()
 6 SYSTEMPATH\CodeIgniter.php(509): CodeIgniter\CodeIgniter->runController(Object(App\Controllers\Admin\Painel))
 7 SYSTEMPATH\CodeIgniter.php(355): CodeIgniter\CodeIgniter->handleRequest(null, Object(Config\Cache), false)
 8 SYSTEMPATH\Boot.php(312): CodeIgniter\CodeIgniter->run()
 9 SYSTEMPATH\Boot.php(67): CodeIgniter\Boot::runCodeIgniter(Object(CodeIgniter\CodeIgniter))
10 FCPATH\index.php(56): CodeIgniter\Boot::bootWeb(Object(Config\Paths))
CRITICAL - 2024-04-29 19:16:23 --> CodeIgniter\View\Exceptions\ViewException: Invalid file: "master.php"
[Method: GET, Route: admin]
in SYSTEMPATH\Exceptions\FrameworkException.php on line 41.
 1 SYSTEMPATH\View\View.php(222): CodeIgniter\Exceptions\FrameworkException::forInvalidFile('master.php')
 2 SYSTEMPATH\View\View.php(250): CodeIgniter\View\View->render('master', [], true)
 3 SYSTEMPATH\Common.php(1171): CodeIgniter\View\View->render('admin/layout/painel', [], true)
 4 APPPATH\Controllers\Admin\Painel.php(12): view('admin/layout/painel')
 5 SYSTEMPATH\CodeIgniter.php(933): App\Controllers\Admin\Painel->index()
 6 SYSTEMPATH\CodeIgniter.php(509): CodeIgniter\CodeIgniter->runController(Object(App\Controllers\Admin\Painel))
 7 SYSTEMPATH\CodeIgniter.php(355): CodeIgniter\CodeIgniter->handleRequest(null, Object(Config\Cache), false)
 8 SYSTEMPATH\Boot.php(312): CodeIgniter\CodeIgniter->run()
 9 SYSTEMPATH\Boot.php(67): CodeIgniter\Boot::runCodeIgniter(Object(CodeIgniter\CodeIgniter))
10 FCPATH\index.php(56): CodeIgniter\Boot::bootWeb(Object(Config\Paths))
CRITICAL - 2024-04-29 19:17:55 --> CodeIgniter\View\Exceptions\ViewException: Invalid file: "master.php"
[Method: GET, Route: admin]
in SYSTEMPATH\Exceptions\FrameworkException.php on line 41.
 1 SYSTEMPATH\View\View.php(222): CodeIgniter\Exceptions\FrameworkException::forInvalidFile('master.php')
 2 SYSTEMPATH\View\View.php(250): CodeIgniter\View\View->render('master', [], true)
 3 SYSTEMPATH\Common.php(1171): CodeIgniter\View\View->render('admin/layout/painel', [], true)
 4 APPPATH\Controllers\Admin\Painel.php(12): view('admin/layout/painel')
 5 SYSTEMPATH\CodeIgniter.php(933): App\Controllers\Admin\Painel->index()
 6 SYSTEMPATH\CodeIgniter.php(509): CodeIgniter\CodeIgniter->runController(Object(App\Controllers\Admin\Painel))
 7 SYSTEMPATH\CodeIgniter.php(355): CodeIgniter\CodeIgniter->handleRequest(null, Object(Config\Cache), false)
 8 SYSTEMPATH\Boot.php(312): CodeIgniter\CodeIgniter->run()
 9 SYSTEMPATH\Boot.php(67): CodeIgniter\Boot::runCodeIgniter(Object(CodeIgniter\CodeIgniter))
10 FCPATH\index.php(56): CodeIgniter\Boot::bootWeb(Object(Config\Paths))
CRITICAL - 2024-04-29 19:18:19 --> CodeIgniter\View\Exceptions\ViewException: Invalid file: "master.php"
[Method: GET, Route: admin]
in SYSTEMPATH\Exceptions\FrameworkException.php on line 41.
 1 SYSTEMPATH\View\View.php(222): CodeIgniter\Exceptions\FrameworkException::forInvalidFile('master.php')
 2 SYSTEMPATH\View\View.php(250): CodeIgniter\View\View->render('master', [], true)
 3 SYSTEMPATH\Common.php(1171): CodeIgniter\View\View->render('admin/layout/painel', [], true)
 4 APPPATH\Controllers\Admin\Painel.php(12): view('admin/layout/painel')
 5 SYSTEMPATH\CodeIgniter.php(933): App\Controllers\Admin\Painel->index()
 6 SYSTEMPATH\CodeIgniter.php(509): CodeIgniter\CodeIgniter->runController(Object(App\Controllers\Admin\Painel))
 7 SYSTEMPATH\CodeIgniter.php(355): CodeIgniter\CodeIgniter->handleRequest(null, Object(Config\Cache), false)
 8 SYSTEMPATH\Boot.php(312): CodeIgniter\CodeIgniter->run()
 9 SYSTEMPATH\Boot.php(67): CodeIgniter\Boot::runCodeIgniter(Object(CodeIgniter\CodeIgniter))
10 FCPATH\index.php(56): CodeIgniter\Boot::bootWeb(Object(Config\Paths))
CRITICAL - 2024-04-29 19:19:36 --> CodeIgniter\View\Exceptions\ViewException: Invalid file: "admin/layout/painel.php"
[Method: GET, Route: admin]
in SYSTEMPATH\Exceptions\FrameworkException.php on line 41.
 1 SYSTEMPATH\View\View.php(222): CodeIgniter\Exceptions\FrameworkException::forInvalidFile('admin/layout/painel.php')
 2 SYSTEMPATH\Common.php(1171): CodeIgniter\View\View->render('admin/layout/painel', [], true)
 3 APPPATH\Controllers\Admin\Painel.php(12): view('admin/layout/painel')
 4 SYSTEMPATH\CodeIgniter.php(933): App\Controllers\Admin\Painel->index()
 5 SYSTEMPATH\CodeIgniter.php(509): CodeIgniter\CodeIgniter->runController(Object(App\Controllers\Admin\Painel))
 6 SYSTEMPATH\CodeIgniter.php(355): CodeIgniter\CodeIgniter->handleRequest(null, Object(Config\Cache), false)
 7 SYSTEMPATH\Boot.php(312): CodeIgniter\CodeIgniter->run()
 8 SYSTEMPATH\Boot.php(67): CodeIgniter\Boot::runCodeIgniter(Object(CodeIgniter\CodeIgniter))
 9 FCPATH\index.php(56): CodeIgniter\Boot::bootWeb(Object(Config\Paths))
CRITICAL - 2024-04-29 19:19:37 --> CodeIgniter\View\Exceptions\ViewException: Invalid file: "admin/layout/painel.php"
[Method: GET, Route: admin]
in SYSTEMPATH\Exceptions\FrameworkException.php on line 41.
 1 SYSTEMPATH\View\View.php(222): CodeIgniter\Exceptions\FrameworkException::forInvalidFile('admin/layout/painel.php')
 2 SYSTEMPATH\Common.php(1171): CodeIgniter\View\View->render('admin/layout/painel', [], true)
 3 APPPATH\Controllers\Admin\Painel.php(12): view('admin/layout/painel')
 4 SYSTEMPATH\CodeIgniter.php(933): App\Controllers\Admin\Painel->index()
 5 SYSTEMPATH\CodeIgniter.php(509): CodeIgniter\CodeIgniter->runController(Object(App\Controllers\Admin\Painel))
 6 SYSTEMPATH\CodeIgniter.php(355): CodeIgniter\CodeIgniter->handleRequest(null, Object(Config\Cache), false)
 7 SYSTEMPATH\Boot.php(312): CodeIgniter\CodeIgniter->run()
 8 SYSTEMPATH\Boot.php(67): CodeIgniter\Boot::runCodeIgniter(Object(CodeIgniter\CodeIgniter))
 9 FCPATH\index.php(56): CodeIgniter\Boot::bootWeb(Object(Config\Paths))
CRITICAL - 2024-04-29 19:19:38 --> CodeIgniter\View\Exceptions\ViewException: Invalid file: "admin/layout/painel.php"
[Method: GET, Route: admin]
in SYSTEMPATH\Exceptions\FrameworkException.php on line 41.
 1 SYSTEMPATH\View\View.php(222): CodeIgniter\Exceptions\FrameworkException::forInvalidFile('admin/layout/painel.php')
 2 SYSTEMPATH\Common.php(1171): CodeIgniter\View\View->render('admin/layout/painel', [], true)
 3 APPPATH\Controllers\Admin\Painel.php(12): view('admin/layout/painel')
 4 SYSTEMPATH\CodeIgniter.php(933): App\Controllers\Admin\Painel->index()
 5 SYSTEMPATH\CodeIgniter.php(509): CodeIgniter\CodeIgniter->runController(Object(App\Controllers\Admin\Painel))
 6 SYSTEMPATH\CodeIgniter.php(355): CodeIgniter\CodeIgniter->handleRequest(null, Object(Config\Cache), false)
 7 SYSTEMPATH\Boot.php(312): CodeIgniter\CodeIgniter->run()
 8 SYSTEMPATH\Boot.php(67): CodeIgniter\Boot::runCodeIgniter(Object(CodeIgniter\CodeIgniter))
 9 FCPATH\index.php(56): CodeIgniter\Boot::bootWeb(Object(Config\Paths))
CRITICAL - 2024-04-29 19:19:39 --> CodeIgniter\View\Exceptions\ViewException: Invalid file: "admin/layout/painel.php"
[Method: GET, Route: admin]
in SYSTEMPATH\Exceptions\FrameworkException.php on line 41.
 1 SYSTEMPATH\View\View.php(222): CodeIgniter\Exceptions\FrameworkException::forInvalidFile('admin/layout/painel.php')
 2 SYSTEMPATH\Common.php(1171): CodeIgniter\View\View->render('admin/layout/painel', [], true)
 3 APPPATH\Controllers\Admin\Painel.php(12): view('admin/layout/painel')
 4 SYSTEMPATH\CodeIgniter.php(933): App\Controllers\Admin\Painel->index()
 5 SYSTEMPATH\CodeIgniter.php(509): CodeIgniter\CodeIgniter->runController(Object(App\Controllers\Admin\Painel))
 6 SYSTEMPATH\CodeIgniter.php(355): CodeIgniter\CodeIgniter->handleRequest(null, Object(Config\Cache), false)
 7 SYSTEMPATH\Boot.php(312): CodeIgniter\CodeIgniter->run()
 8 SYSTEMPATH\Boot.php(67): CodeIgniter\Boot::runCodeIgniter(Object(CodeIgniter\CodeIgniter))
 9 FCPATH\index.php(56): CodeIgniter\Boot::bootWeb(Object(Config\Paths))
CRITICAL - 2024-04-29 19:19:50 --> CodeIgniter\View\Exceptions\ViewException: Invalid file: "admin/layout/painel.php"
[Method: GET, Route: admin]
in SYSTEMPATH\Exceptions\FrameworkException.php on line 41.
 1 SYSTEMPATH\View\View.php(222): CodeIgniter\Exceptions\FrameworkException::forInvalidFile('admin/layout/painel.php')
 2 SYSTEMPATH\Common.php(1171): CodeIgniter\View\View->render('admin/layout/painel', [], true)
 3 APPPATH\Controllers\Admin\Painel.php(12): view('admin/layout/painel')
 4 SYSTEMPATH\CodeIgniter.php(933): App\Controllers\Admin\Painel->index()
 5 SYSTEMPATH\CodeIgniter.php(509): CodeIgniter\CodeIgniter->runController(Object(App\Controllers\Admin\Painel))
 6 SYSTEMPATH\CodeIgniter.php(355): CodeIgniter\CodeIgniter->handleRequest(null, Object(Config\Cache), false)
 7 SYSTEMPATH\Boot.php(312): CodeIgniter\CodeIgniter->run()
 8 SYSTEMPATH\Boot.php(67): CodeIgniter\Boot::runCodeIgniter(Object(CodeIgniter\CodeIgniter))
 9 FCPATH\index.php(56): CodeIgniter\Boot::bootWeb(Object(Config\Paths))
CRITICAL - 2024-04-29 19:19:52 --> CodeIgniter\View\Exceptions\ViewException: Invalid file: "admin/layout/painel.php"
[Method: GET, Route: admin]
in SYSTEMPATH\Exceptions\FrameworkException.php on line 41.
 1 SYSTEMPATH\View\View.php(222): CodeIgniter\Exceptions\FrameworkException::forInvalidFile('admin/layout/painel.php')
 2 SYSTEMPATH\Common.php(1171): CodeIgniter\View\View->render('admin/layout/painel', [], true)
 3 APPPATH\Controllers\Admin\Painel.php(12): view('admin/layout/painel')
 4 SYSTEMPATH\CodeIgniter.php(933): App\Controllers\Admin\Painel->index()
 5 SYSTEMPATH\CodeIgniter.php(509): CodeIgniter\CodeIgniter->runController(Object(App\Controllers\Admin\Painel))
 6 SYSTEMPATH\CodeIgniter.php(355): CodeIgniter\CodeIgniter->handleRequest(null, Object(Config\Cache), false)
 7 SYSTEMPATH\Boot.php(312): CodeIgniter\CodeIgniter->run()
 8 SYSTEMPATH\Boot.php(67): CodeIgniter\Boot::runCodeIgniter(Object(CodeIgniter\CodeIgniter))
 9 FCPATH\index.php(56): CodeIgniter\Boot::bootWeb(Object(Config\Paths))
CRITICAL - 2024-04-29 19:20:05 --> CodeIgniter\View\Exceptions\ViewException: Invalid file: "admin/layout/painel.php"
[Method: GET, Route: admin]
in SYSTEMPATH\Exceptions\FrameworkException.php on line 41.
 1 SYSTEMPATH\View\View.php(222): CodeIgniter\Exceptions\FrameworkException::forInvalidFile('admin/layout/painel.php')
 2 SYSTEMPATH\Common.php(1171): CodeIgniter\View\View->render('admin/layout/painel', [], true)
 3 APPPATH\Controllers\Admin\Painel.php(12): view('admin/layout/painel')
 4 SYSTEMPATH\CodeIgniter.php(933): App\Controllers\Admin\Painel->index()
 5 SYSTEMPATH\CodeIgniter.php(509): CodeIgniter\CodeIgniter->runController(Object(App\Controllers\Admin\Painel))
 6 SYSTEMPATH\CodeIgniter.php(355): CodeIgniter\CodeIgniter->handleRequest(null, Object(Config\Cache), false)
 7 SYSTEMPATH\Boot.php(312): CodeIgniter\CodeIgniter->run()
 8 SYSTEMPATH\Boot.php(67): CodeIgniter\Boot::runCodeIgniter(Object(CodeIgniter\CodeIgniter))
 9 FCPATH\index.php(56): CodeIgniter\Boot::bootWeb(Object(Config\Paths))
CRITICAL - 2024-04-29 19:20:25 --> CodeIgniter\View\Exceptions\ViewException: Invalid file: "admin_master.php"
[Method: GET, Route: admin]
in SYSTEMPATH\Exceptions\FrameworkException.php on line 41.
 1 SYSTEMPATH\View\View.php(222): CodeIgniter\Exceptions\FrameworkException::forInvalidFile('admin_master.php')
 2 SYSTEMPATH\View\View.php(250): CodeIgniter\View\View->render('admin_master', [], true)
 3 SYSTEMPATH\Common.php(1171): CodeIgniter\View\View->render('admin/layout/painel', [], true)
 4 APPPATH\Controllers\Admin\Painel.php(12): view('admin/layout/painel')
 5 SYSTEMPATH\CodeIgniter.php(933): App\Controllers\Admin\Painel->index()
 6 SYSTEMPATH\CodeIgniter.php(509): CodeIgniter\CodeIgniter->runController(Object(App\Controllers\Admin\Painel))
 7 SYSTEMPATH\CodeIgniter.php(355): CodeIgniter\CodeIgniter->handleRequest(null, Object(Config\Cache), false)
 8 SYSTEMPATH\Boot.php(312): CodeIgniter\CodeIgniter->run()
 9 SYSTEMPATH\Boot.php(67): CodeIgniter\Boot::runCodeIgniter(Object(CodeIgniter\CodeIgniter))
10 FCPATH\index.php(56): CodeIgniter\Boot::bootWeb(Object(Config\Paths))
CRITICAL - 2024-04-29 19:20:46 --> CodeIgniter\View\Exceptions\ViewException: Invalid file: "admin_master.php"
[Method: GET, Route: admin]
in SYSTEMPATH\Exceptions\FrameworkException.php on line 41.
 1 SYSTEMPATH\View\View.php(222): CodeIgniter\Exceptions\FrameworkException::forInvalidFile('admin_master.php')
 2 SYSTEMPATH\View\View.php(250): CodeIgniter\View\View->render('admin_master', [], true)
 3 SYSTEMPATH\Common.php(1171): CodeIgniter\View\View->render('admin/layout/painel', [], true)
 4 APPPATH\Controllers\Admin\Painel.php(12): view('admin/layout/painel')
 5 SYSTEMPATH\CodeIgniter.php(933): App\Controllers\Admin\Painel->index()
 6 SYSTEMPATH\CodeIgniter.php(509): CodeIgniter\CodeIgniter->runController(Object(App\Controllers\Admin\Painel))
 7 SYSTEMPATH\CodeIgniter.php(355): CodeIgniter\CodeIgniter->handleRequest(null, Object(Config\Cache), false)
 8 SYSTEMPATH\Boot.php(312): CodeIgniter\CodeIgniter->run()
 9 SYSTEMPATH\Boot.php(67): CodeIgniter\Boot::runCodeIgniter(Object(CodeIgniter\CodeIgniter))
10 FCPATH\index.php(56): CodeIgniter\Boot::bootWeb(Object(Config\Paths))
CRITICAL - 2024-04-29 19:21:07 --> CodeIgniter\View\Exceptions\ViewException: Invalid file: "admin_master.php"
[Method: GET, Route: admin]
in SYSTEMPATH\Exceptions\FrameworkException.php on line 41.
 1 SYSTEMPATH\View\View.php(222): CodeIgniter\Exceptions\FrameworkException::forInvalidFile('admin_master.php')
 2 SYSTEMPATH\View\View.php(250): CodeIgniter\View\View->render('admin_master', [], true)
 3 SYSTEMPATH\Common.php(1171): CodeIgniter\View\View->render('admin/layout/painel', [], true)
 4 APPPATH\Controllers\Admin\Painel.php(12): view('admin/layout/painel')
 5 SYSTEMPATH\CodeIgniter.php(933): App\Controllers\Admin\Painel->index()
 6 SYSTEMPATH\CodeIgniter.php(509): CodeIgniter\CodeIgniter->runController(Object(App\Controllers\Admin\Painel))
 7 SYSTEMPATH\CodeIgniter.php(355): CodeIgniter\CodeIgniter->handleRequest(null, Object(Config\Cache), false)
 8 SYSTEMPATH\Boot.php(312): CodeIgniter\CodeIgniter->run()
 9 SYSTEMPATH\Boot.php(67): CodeIgniter\Boot::runCodeIgniter(Object(CodeIgniter\CodeIgniter))
10 FCPATH\index.php(56): CodeIgniter\Boot::bootWeb(Object(Config\Paths))
CRITICAL - 2024-04-29 19:22:07 --> CodeIgniter\View\Exceptions\ViewException: Invalid file: "../admin_master.php"
[Method: GET, Route: admin]
in SYSTEMPATH\Exceptions\FrameworkException.php on line 41.
 1 SYSTEMPATH\View\View.php(222): CodeIgniter\Exceptions\FrameworkException::forInvalidFile('../admin_master.php')
 2 SYSTEMPATH\View\View.php(250): CodeIgniter\View\View->render('../admin_master', [], true)
 3 SYSTEMPATH\Common.php(1171): CodeIgniter\View\View->render('admin/layout/painel', [], true)
 4 APPPATH\Controllers\Admin\Painel.php(12): view('admin/layout/painel')
 5 SYSTEMPATH\CodeIgniter.php(933): App\Controllers\Admin\Painel->index()
 6 SYSTEMPATH\CodeIgniter.php(509): CodeIgniter\CodeIgniter->runController(Object(App\Controllers\Admin\Painel))
 7 SYSTEMPATH\CodeIgniter.php(355): CodeIgniter\CodeIgniter->handleRequest(null, Object(Config\Cache), false)
 8 SYSTEMPATH\Boot.php(312): CodeIgniter\CodeIgniter->run()
 9 SYSTEMPATH\Boot.php(67): CodeIgniter\Boot::runCodeIgniter(Object(CodeIgniter\CodeIgniter))
10 FCPATH\index.php(56): CodeIgniter\Boot::bootWeb(Object(Config\Paths))
CRITICAL - 2024-04-29 19:22:17 --> CodeIgniter\View\Exceptions\ViewException: Invalid file: "../../admin_master.php"
[Method: GET, Route: admin]
in SYSTEMPATH\Exceptions\FrameworkException.php on line 41.
 1 SYSTEMPATH\View\View.php(222): CodeIgniter\Exceptions\FrameworkException::forInvalidFile('../../admin_master.php')
 2 SYSTEMPATH\View\View.php(250): CodeIgniter\View\View->render('../../admin_master', [], true)
 3 SYSTEMPATH\Common.php(1171): CodeIgniter\View\View->render('admin/layout/painel', [], true)
 4 APPPATH\Controllers\Admin\Painel.php(12): view('admin/layout/painel')
 5 SYSTEMPATH\CodeIgniter.php(933): App\Controllers\Admin\Painel->index()
 6 SYSTEMPATH\CodeIgniter.php(509): CodeIgniter\CodeIgniter->runController(Object(App\Controllers\Admin\Painel))
 7 SYSTEMPATH\CodeIgniter.php(355): CodeIgniter\CodeIgniter->handleRequest(null, Object(Config\Cache), false)
 8 SYSTEMPATH\Boot.php(312): CodeIgniter\CodeIgniter->run()
 9 SYSTEMPATH\Boot.php(67): CodeIgniter\Boot::runCodeIgniter(Object(CodeIgniter\CodeIgniter))
10 FCPATH\index.php(56): CodeIgniter\Boot::bootWeb(Object(Config\Paths))
CRITICAL - 2024-04-29 19:22:26 --> CodeIgniter\View\Exceptions\ViewException: Invalid file: "./admin_master.php"
[Method: GET, Route: admin]
in SYSTEMPATH\Exceptions\FrameworkException.php on line 41.
 1 SYSTEMPATH\View\View.php(222): CodeIgniter\Exceptions\FrameworkException::forInvalidFile('./admin_master.php')
 2 SYSTEMPATH\View\View.php(250): CodeIgniter\View\View->render('./admin_master', [], true)
 3 SYSTEMPATH\Common.php(1171): CodeIgniter\View\View->render('admin/layout/painel', [], true)
 4 APPPATH\Controllers\Admin\Painel.php(12): view('admin/layout/painel')
 5 SYSTEMPATH\CodeIgniter.php(933): App\Controllers\Admin\Painel->index()
 6 SYSTEMPATH\CodeIgniter.php(509): CodeIgniter\CodeIgniter->runController(Object(App\Controllers\Admin\Painel))
 7 SYSTEMPATH\CodeIgniter.php(355): CodeIgniter\CodeIgniter->handleRequest(null, Object(Config\Cache), false)
 8 SYSTEMPATH\Boot.php(312): CodeIgniter\CodeIgniter->run()
 9 SYSTEMPATH\Boot.php(67): CodeIgniter\Boot::runCodeIgniter(Object(CodeIgniter\CodeIgniter))
10 FCPATH\index.php(56): CodeIgniter\Boot::bootWeb(Object(Config\Paths))
CRITICAL - 2024-04-29 19:24:52 --> CodeIgniter\View\Exceptions\ViewException: Invalid file: "admin_master.php"
[Method: GET, Route: admin]
in SYSTEMPATH\Exceptions\FrameworkException.php on line 41.
 1 SYSTEMPATH\View\View.php(222): CodeIgniter\Exceptions\FrameworkException::forInvalidFile('admin_master.php')
 2 SYSTEMPATH\View\View.php(250): CodeIgniter\View\View->render('admin_master', [], true)
 3 SYSTEMPATH\Common.php(1171): CodeIgniter\View\View->render('admin/layout/painel', [], true)
 4 APPPATH\Controllers\Admin\Painel.php(12): view('admin/layout/painel')
 5 SYSTEMPATH\CodeIgniter.php(933): App\Controllers\Admin\Painel->index()
 6 SYSTEMPATH\CodeIgniter.php(509): CodeIgniter\CodeIgniter->runController(Object(App\Controllers\Admin\Painel))
 7 SYSTEMPATH\CodeIgniter.php(355): CodeIgniter\CodeIgniter->handleRequest(null, Object(Config\Cache), false)
 8 SYSTEMPATH\Boot.php(312): CodeIgniter\CodeIgniter->run()
 9 SYSTEMPATH\Boot.php(67): CodeIgniter\Boot::runCodeIgniter(Object(CodeIgniter\CodeIgniter))
10 FCPATH\index.php(56): CodeIgniter\Boot::bootWeb(Object(Config\Paths))
CRITICAL - 2024-04-29 19:26:39 --> CodeIgniter\View\Exceptions\ViewException: Invalid file: "admin_master.php"
[Method: GET, Route: admin]
in SYSTEMPATH\Exceptions\FrameworkException.php on line 41.
 1 SYSTEMPATH\View\View.php(222): CodeIgniter\Exceptions\FrameworkException::forInvalidFile('admin_master.php')
 2 SYSTEMPATH\View\View.php(250): CodeIgniter\View\View->render('admin_master', [], true)
 3 SYSTEMPATH\Common.php(1171): CodeIgniter\View\View->render('admin/layout/painel', [], true)
 4 APPPATH\Controllers\Admin\Painel.php(12): view('admin/layout/painel')
 5 SYSTEMPATH\CodeIgniter.php(933): App\Controllers\Admin\Painel->index()
 6 SYSTEMPATH\CodeIgniter.php(509): CodeIgniter\CodeIgniter->runController(Object(App\Controllers\Admin\Painel))
 7 SYSTEMPATH\CodeIgniter.php(355): CodeIgniter\CodeIgniter->handleRequest(null, Object(Config\Cache), false)
 8 SYSTEMPATH\Boot.php(312): CodeIgniter\CodeIgniter->run()
 9 SYSTEMPATH\Boot.php(67): CodeIgniter\Boot::runCodeIgniter(Object(CodeIgniter\CodeIgniter))
10 FCPATH\index.php(56): CodeIgniter\Boot::bootWeb(Object(Config\Paths))
CRITICAL - 2024-04-29 19:30:02 --> CodeIgniter\View\Exceptions\ViewException: Invalid file: "admin_master.php"
[Method: GET, Route: admin]
in SYSTEMPATH\Exceptions\FrameworkException.php on line 41.
 1 SYSTEMPATH\View\View.php(222): CodeIgniter\Exceptions\FrameworkException::forInvalidFile('admin_master.php')
 2 SYSTEMPATH\View\View.php(250): CodeIgniter\View\View->render('admin_master', [], true)
 3 SYSTEMPATH\Common.php(1171): CodeIgniter\View\View->render('admin/layout/painel', [], true)
 4 APPPATH\Controllers\Admin\Painel.php(12): view('admin/layout/painel')
 5 SYSTEMPATH\CodeIgniter.php(933): App\Controllers\Admin\Painel->index()
 6 SYSTEMPATH\CodeIgniter.php(509): CodeIgniter\CodeIgniter->runController(Object(App\Controllers\Admin\Painel))
 7 SYSTEMPATH\CodeIgniter.php(355): CodeIgniter\CodeIgniter->handleRequest(null, Object(Config\Cache), false)
 8 SYSTEMPATH\Boot.php(312): CodeIgniter\CodeIgniter->run()
 9 SYSTEMPATH\Boot.php(67): CodeIgniter\Boot::runCodeIgniter(Object(CodeIgniter\CodeIgniter))
10 FCPATH\index.php(56): CodeIgniter\Boot::bootWeb(Object(Config\Paths))
CRITICAL - 2024-04-29 19:30:43 --> CodeIgniter\View\Exceptions\ViewException: Invalid file: "admin_master.php"
[Method: GET, Route: admin]
in SYSTEMPATH\Exceptions\FrameworkException.php on line 41.
 1 SYSTEMPATH\View\View.php(222): CodeIgniter\Exceptions\FrameworkException::forInvalidFile('admin_master.php')
 2 SYSTEMPATH\View\View.php(250): CodeIgniter\View\View->render('admin_master', [], true)
 3 SYSTEMPATH\Common.php(1171): CodeIgniter\View\View->render('admin/layout/painel', [], true)
 4 APPPATH\Controllers\Admin\Painel.php(12): view('admin/layout/painel')
 5 SYSTEMPATH\CodeIgniter.php(933): App\Controllers\Admin\Painel->index()
 6 SYSTEMPATH\CodeIgniter.php(509): CodeIgniter\CodeIgniter->runController(Object(App\Controllers\Admin\Painel))
 7 SYSTEMPATH\CodeIgniter.php(355): CodeIgniter\CodeIgniter->handleRequest(null, Object(Config\Cache), false)
 8 SYSTEMPATH\Boot.php(312): CodeIgniter\CodeIgniter->run()
 9 SYSTEMPATH\Boot.php(67): CodeIgniter\Boot::runCodeIgniter(Object(CodeIgniter\CodeIgniter))
10 FCPATH\index.php(56): CodeIgniter\Boot::bootWeb(Object(Config\Paths))
CRITICAL - 2024-04-29 19:30:55 --> CodeIgniter\View\Exceptions\ViewException: Invalid file: "admin_master.php"
[Method: GET, Route: admin]
in SYSTEMPATH\Exceptions\FrameworkException.php on line 41.
 1 SYSTEMPATH\View\View.php(222): CodeIgniter\Exceptions\FrameworkException::forInvalidFile('admin_master.php')
 2 SYSTEMPATH\View\View.php(250): CodeIgniter\View\View->render('admin_master', [], true)
 3 SYSTEMPATH\Common.php(1171): CodeIgniter\View\View->render('admin/layout/painel', [], true)
 4 APPPATH\Controllers\Admin\Painel.php(12): view('admin/layout/painel')
 5 SYSTEMPATH\CodeIgniter.php(933): App\Controllers\Admin\Painel->index()
 6 SYSTEMPATH\CodeIgniter.php(509): CodeIgniter\CodeIgniter->runController(Object(App\Controllers\Admin\Painel))
 7 SYSTEMPATH\CodeIgniter.php(355): CodeIgniter\CodeIgniter->handleRequest(null, Object(Config\Cache), false)
 8 SYSTEMPATH\Boot.php(312): CodeIgniter\CodeIgniter->run()
 9 SYSTEMPATH\Boot.php(67): CodeIgniter\Boot::runCodeIgniter(Object(CodeIgniter\CodeIgniter))
10 FCPATH\index.php(56): CodeIgniter\Boot::bootWeb(Object(Config\Paths))
CRITICAL - 2024-04-29 19:33:53 --> CodeIgniter\View\Exceptions\ViewException: Invalid file: "default.php"
[Method: GET, Route: admin]
in SYSTEMPATH\Exceptions\FrameworkException.php on line 41.
 1 SYSTEMPATH\View\View.php(222): CodeIgniter\Exceptions\FrameworkException::forInvalidFile('default.php')
 2 SYSTEMPATH\View\View.php(250): CodeIgniter\View\View->render('default', [], true)
 3 SYSTEMPATH\Common.php(1171): CodeIgniter\View\View->render('admin/layout/painel', [], true)
 4 APPPATH\Controllers\Admin\Painel.php(12): view('admin/layout/painel')
 5 SYSTEMPATH\CodeIgniter.php(933): App\Controllers\Admin\Painel->index()
 6 SYSTEMPATH\CodeIgniter.php(509): CodeIgniter\CodeIgniter->runController(Object(App\Controllers\Admin\Painel))
 7 SYSTEMPATH\CodeIgniter.php(355): CodeIgniter\CodeIgniter->handleRequest(null, Object(Config\Cache), false)
 8 SYSTEMPATH\Boot.php(312): CodeIgniter\CodeIgniter->run()
 9 SYSTEMPATH\Boot.php(67): CodeIgniter\Boot::runCodeIgniter(Object(CodeIgniter\CodeIgniter))
10 FCPATH\index.php(56): CodeIgniter\Boot::bootWeb(Object(Config\Paths))
CRITICAL - 2024-04-29 19:34:07 --> CodeIgniter\View\Exceptions\ViewException: Invalid file: "default.php"
[Method: GET, Route: admin]
in SYSTEMPATH\Exceptions\FrameworkException.php on line 41.
 1 SYSTEMPATH\View\View.php(222): CodeIgniter\Exceptions\FrameworkException::forInvalidFile('default.php')
 2 SYSTEMPATH\View\View.php(250): CodeIgniter\View\View->render('default', [], true)
 3 SYSTEMPATH\Common.php(1171): CodeIgniter\View\View->render('admin/layout/painel', [], true)
 4 APPPATH\Controllers\Admin\Painel.php(12): view('admin/layout/painel')
 5 SYSTEMPATH\CodeIgniter.php(933): App\Controllers\Admin\Painel->index()
 6 SYSTEMPATH\CodeIgniter.php(509): CodeIgniter\CodeIgniter->runController(Object(App\Controllers\Admin\Painel))
 7 SYSTEMPATH\CodeIgniter.php(355): CodeIgniter\CodeIgniter->handleRequest(null, Object(Config\Cache), false)
 8 SYSTEMPATH\Boot.php(312): CodeIgniter\CodeIgniter->run()
 9 SYSTEMPATH\Boot.php(67): CodeIgniter\Boot::runCodeIgniter(Object(CodeIgniter\CodeIgniter))
10 FCPATH\index.php(56): CodeIgniter\Boot::bootWeb(Object(Config\Paths))
CRITICAL - 2024-04-29 19:34:16 --> CodeIgniter\View\Exceptions\ViewException: Invalid file: "admin_master.php"
[Method: GET, Route: admin]
in SYSTEMPATH\Exceptions\FrameworkException.php on line 41.
 1 SYSTEMPATH\View\View.php(222): CodeIgniter\Exceptions\FrameworkException::forInvalidFile('admin_master.php')
 2 SYSTEMPATH\View\View.php(250): CodeIgniter\View\View->render('admin_master', [], true)
 3 SYSTEMPATH\Common.php(1171): CodeIgniter\View\View->render('admin/layout/painel', [], true)
 4 APPPATH\Controllers\Admin\Painel.php(12): view('admin/layout/painel')
 5 SYSTEMPATH\CodeIgniter.php(933): App\Controllers\Admin\Painel->index()
 6 SYSTEMPATH\CodeIgniter.php(509): CodeIgniter\CodeIgniter->runController(Object(App\Controllers\Admin\Painel))
 7 SYSTEMPATH\CodeIgniter.php(355): CodeIgniter\CodeIgniter->handleRequest(null, Object(Config\Cache), false)
 8 SYSTEMPATH\Boot.php(312): CodeIgniter\CodeIgniter->run()
 9 SYSTEMPATH\Boot.php(67): CodeIgniter\Boot::runCodeIgniter(Object(CodeIgniter\CodeIgniter))
10 FCPATH\index.php(56): CodeIgniter\Boot::bootWeb(Object(Config\Paths))
CRITICAL - 2024-04-29 19:35:55 --> CodeIgniter\View\Exceptions\ViewException: Invalid file: "admin_master.php"
[Method: GET, Route: admin]
in SYSTEMPATH\Exceptions\FrameworkException.php on line 41.
 1 SYSTEMPATH\View\View.php(222): CodeIgniter\Exceptions\FrameworkException::forInvalidFile('admin_master.php')
 2 SYSTEMPATH\View\View.php(250): CodeIgniter\View\View->render('admin_master', [], true)
 3 SYSTEMPATH\Common.php(1171): CodeIgniter\View\View->render('admin/layout/painel', [], true)
 4 APPPATH\Controllers\Admin\Painel.php(12): view('admin/layout/painel')
 5 SYSTEMPATH\CodeIgniter.php(933): App\Controllers\Admin\Painel->index()
 6 SYSTEMPATH\CodeIgniter.php(509): CodeIgniter\CodeIgniter->runController(Object(App\Controllers\Admin\Painel))
 7 SYSTEMPATH\CodeIgniter.php(355): CodeIgniter\CodeIgniter->handleRequest(null, Object(Config\Cache), false)
 8 SYSTEMPATH\Boot.php(312): CodeIgniter\CodeIgniter->run()
 9 SYSTEMPATH\Boot.php(67): CodeIgniter\Boot::runCodeIgniter(Object(CodeIgniter\CodeIgniter))
10 FCPATH\index.php(56): CodeIgniter\Boot::bootWeb(Object(Config\Paths))
CRITICAL - 2024-04-29 19:37:03 --> CodeIgniter\View\Exceptions\ViewException: Invalid file: "admin_master.php"
[Method: GET, Route: admin]
in SYSTEMPATH\Exceptions\FrameworkException.php on line 41.
 1 SYSTEMPATH\View\View.php(222): CodeIgniter\Exceptions\FrameworkException::forInvalidFile('admin_master.php')
 2 SYSTEMPATH\View\View.php(250): CodeIgniter\View\View->render('admin_master', [], true)
 3 SYSTEMPATH\Common.php(1171): CodeIgniter\View\View->render('admin/layout/painel', [], true)
 4 APPPATH\Controllers\Admin\Painel.php(12): view('admin/layout/painel')
 5 SYSTEMPATH\CodeIgniter.php(933): App\Controllers\Admin\Painel->index()
 6 SYSTEMPATH\CodeIgniter.php(509): CodeIgniter\CodeIgniter->runController(Object(App\Controllers\Admin\Painel))
 7 SYSTEMPATH\CodeIgniter.php(355): CodeIgniter\CodeIgniter->handleRequest(null, Object(Config\Cache), false)
 8 SYSTEMPATH\Boot.php(312): CodeIgniter\CodeIgniter->run()
 9 SYSTEMPATH\Boot.php(67): CodeIgniter\Boot::runCodeIgniter(Object(CodeIgniter\CodeIgniter))
10 FCPATH\index.php(56): CodeIgniter\Boot::bootWeb(Object(Config\Paths))
CRITICAL - 2024-04-29 19:37:23 --> CodeIgniter\View\Exceptions\ViewException: Invalid file: "admin_master.php"
[Method: GET, Route: admin]
in SYSTEMPATH\Exceptions\FrameworkException.php on line 41.
 1 SYSTEMPATH\View\View.php(222): CodeIgniter\Exceptions\FrameworkException::forInvalidFile('admin_master.php')
 2 SYSTEMPATH\View\View.php(250): CodeIgniter\View\View->render('admin_master', [], true)
 3 SYSTEMPATH\Common.php(1171): CodeIgniter\View\View->render('admin/layout/painel', [], true)
 4 APPPATH\Controllers\Admin\Painel.php(12): view('admin/layout/painel')
 5 SYSTEMPATH\CodeIgniter.php(933): App\Controllers\Admin\Painel->index()
 6 SYSTEMPATH\CodeIgniter.php(509): CodeIgniter\CodeIgniter->runController(Object(App\Controllers\Admin\Painel))
 7 SYSTEMPATH\CodeIgniter.php(355): CodeIgniter\CodeIgniter->handleRequest(null, Object(Config\Cache), false)
 8 SYSTEMPATH\Boot.php(312): CodeIgniter\CodeIgniter->run()
 9 SYSTEMPATH\Boot.php(67): CodeIgniter\Boot::runCodeIgniter(Object(CodeIgniter\CodeIgniter))
10 FCPATH\index.php(56): CodeIgniter\Boot::bootWeb(Object(Config\Paths))
